Determining if the pthread_create exist failed with the following output:
Change Dir: /home/student/Desktop/Redge_Thesis/vil/build/CMakeFiles/CMakeTmp

Run Build Command:"/usr/bin/make" "cmTC_b826c/fast"
/usr/bin/make -f CMakeFiles/cmTC_b826c.dir/build.make CMakeFiles/cmTC_b826c.dir/build
make[1]: Entering directory '/home/student/Desktop/Redge_Thesis/vil/build/CMakeFiles/CMakeTmp'
Building C object CMakeFiles/cmTC_b826c.dir/CheckSymbolExists.c.o
/usr/bin/cc    -o CMakeFiles/cmTC_b826c.dir/CheckSymbolExists.c.o   -c /home/student/Desktop/Redge_Thesis/vil/build/CMakeFiles/CMakeTmp/CheckSymbolExists.c
Linking C executable cmTC_b826c
/usr/bin/cmake -E cmake_link_script CMakeFiles/cmTC_b826c.dir/link.txt --verbose=1
/usr/bin/cc      -rdynamic CMakeFiles/cmTC_b826c.dir/CheckSymbolExists.c.o  -o cmTC_b826c 
CMakeFiles/cmTC_b826c.dir/CheckSymbolExists.c.o: In function `main':
CheckSymbolExists.c:(.text+0x1b): undefined reference to `pthread_create'
collect2: error: ld returned 1 exit status
CMakeFiles/cmTC_b826c.dir/build.make:97: recipe for target 'cmTC_b826c' failed
make[1]: *** [cmTC_b826c] Error 1
make[1]: Leaving directory '/home/student/Desktop/Redge_Thesis/vil/build/CMakeFiles/CMakeTmp'
Makefile:126: recipe for target 'cmTC_b826c/fast' failed
make: *** [cmTC_b826c/fast] Error 2

File /home/student/Desktop/Redge_Thesis/vil/build/CMakeFiles/CMakeTmp/CheckSymbolExists.c:
/* */
#include <pthread.h>

int main(int argc, char** argv)
{
  (void)argv;
#ifndef pthread_create
  return ((int*)(&pthread_create))[argc];
#else
  (void)argc;
  return 0;
#endif
}

Determining if the function pthread_create exists in the pthreads failed with the following output:
Change Dir: /home/student/Desktop/Redge_Thesis/vil/build/CMakeFiles/CMakeTmp

Run Build Command:"/usr/bin/make" "cmTC_4717d/fast"
/usr/bin/make -f CMakeFiles/cmTC_4717d.dir/build.make CMakeFiles/cmTC_4717d.dir/build
make[1]: Entering directory '/home/student/Desktop/Redge_Thesis/vil/build/CMakeFiles/CMakeTmp'
Building C object CMakeFiles/cmTC_4717d.dir/CheckFunctionExists.c.o
/usr/bin/cc   -DCHECK_FUNCTION_EXISTS=pthread_create   -o CMakeFiles/cmTC_4717d.dir/CheckFunctionExists.c.o   -c /usr/share/cmake-3.10/Modules/CheckFunctionExists.c
Linking C executable cmTC_4717d
/usr/bin/cmake -E cmake_link_script CMakeFiles/cmTC_4717d.dir/link.txt --verbose=1
/usr/bin/cc  -DCHECK_FUNCTION_EXISTS=pthread_create    -rdynamic CMakeFiles/cmTC_4717d.dir/CheckFunctionExists.c.o  -o cmTC_4717d -lpthreads 
/usr/bin/ld: cannot find -lpthreads
collect2: error: ld returned 1 exit status
CMakeFiles/cmTC_4717d.dir/build.make:97: recipe for target 'cmTC_4717d' failed
make[1]: *** [cmTC_4717d] Error 1
make[1]: Leaving directory '/home/student/Desktop/Redge_Thesis/vil/build/CMakeFiles/CMakeTmp'
Makefile:126: recipe for target 'cmTC_4717d/fast' failed
make: *** [cmTC_4717d/fast] Error 2


